# JRE version: Java(TM) SE Runtime Environment (8.0_141-b15) (build 1.8.0_141-b15)
# Java VM: Java HotSpot(TM) 64-Bit Server VM (25.141-b15 mixed mode windows-amd64 compressed oops)
Heap:
 PSYoungGen      total 174080K, used 16075K [0x00000000e0000000, 0x00000000ee180000, 0x0000000100000000)
  eden space 159232K, 10% used [0x00000000e0000000,0x00000000e0fb2cd0,0x00000000e9b80000)
  from space 14848K, 0% used [0x00000000e9b80000,0x00000000e9b80000,0x00000000eaa00000)
  to   space 14848K, 0% used [0x00000000ed300000,0x00000000ed300000,0x00000000ee180000)
 ParOldGen       total 78848K, used 39802K [0x00000000a0000000, 0x00000000a4d00000, 0x00000000e0000000)
  object space 78848K, 50% used [0x00000000a0000000,0x00000000a26de8f8,0x00000000a4d00000)
 Metaspace       used 57663K, capacity 59378K, committed 59544K, reserved 1099776K
  class space    used 8001K, capacity 8423K, committed 8496K, reserved 1048576K
GC Heap History (10 events):
Event: 38.448 GC heap before
{Heap before GC invocations=16 (full 2):
 PSYoungGen      total 85504K, used 79360K [0x00000000e0000000, 0x00000000e8380000, 0x0000000100000000)
  eden space 79360K, 100% used [0x00000000e0000000,0x00000000e4d80000,0x00000000e4d80000)
  from space 6144K, 0% used [0x00000000e4d80000,0x00000000e4d80000,0x00000000e5380000)
  to   space 5632K, 0% used [0x00000000e7e00000,0x00000000e7e00000,0x00000000e8380000)
 ParOldGen       total 41984K, used 16540K [0x00000000a0000000, 0x00000000a2900000, 0x00000000e0000000)
  object space 41984K, 39% used [0x00000000a0000000,0x00000000a1027340,0x00000000a2900000)
 Metaspace       used 39304K, capacity 40018K, committed 40368K, reserved 1083392K
  class space    used 5469K, capacity 5687K, committed 5808K, reserved 1048576K
Event: 38.470 GC heap after
Heap after GC invocations=16 (full 2):
 PSYoungGen      total 120320K, used 5602K [0x00000000e0000000, 0x00000000e8380000, 0x0000000100000000)
  eden space 114688K, 0% used [0x00000000e0000000,0x00000000e0000000,0x00000000e7000000)
  from space 5632K, 99% used [0x00000000e7e00000,0x00000000e8378860,0x00000000e8380000)
  to   space 7168K, 0% used [0x00000000e7580000,0x00000000e7580000,0x00000000e7c80000)
 ParOldGen       total 41984K, used 18910K [0x00000000a0000000, 0x00000000a2900000, 0x00000000e0000000)
  object space 41984K, 45% used [0x00000000a0000000,0x00000000a1277978,0x00000000a2900000)
 Metaspace       used 39304K, capacity 40018K, committed 40368K, reserved 1083392K
  class space    used 5469K, capacity 5687K, committed 5808K, reserved 1048576K
}
Event: 41.269 GC heap before
{Heap before GC invocations=17 (full 2):
 PSYoungGen      total 120320K, used 120290K [0x00000000e0000000, 0x00000000e8380000, 0x0000000100000000)
  eden space 114688K, 100% used [0x00000000e0000000,0x00000000e7000000,0x00000000e7000000)
  from space 5632K, 99% used [0x00000000e7e00000,0x00000000e8378860,0x00000000e8380000)
  to   space 7168K, 0% used [0x00000000e7580000,0x00000000e7580000,0x00000000e7c80000)
 ParOldGen       total 41984K, used 18910K [0x00000000a0000000, 0x00000000a2900000, 0x00000000e0000000)
  object space 41984K, 45% used [0x00000000a0000000,0x00000000a1277978,0x00000000a2900000)
 Metaspace       used 46484K, capacity 47422K, committed 47792K, reserved 1089536K
  class space    used 6436K, capacity 6726K, committed 6832K, reserved 1048576K
Event: 41.292 GC heap after
Heap after GC invocations=17 (full 2):
 PSYoungGen      total 127488K, used 7137K [0x00000000e0000000, 0x00000000eb480000, 0x0000000100000000)
  eden space 120320K, 0% used [0x00000000e0000000,0x00000000e0000000,0x00000000e7580000)
  from space 7168K, 99% used [0x00000000e7580000,0x00000000e7c78670,0x00000000e7c80000)
  to   space 10752K, 0% used [0x00000000eaa00000,0x00000000eaa00000,0x00000000eb480000)
 ParOldGen       total 41984K, used 27204K [0x00000000a0000000, 0x00000000a2900000, 0x00000000e0000000)
  object space 41984K, 64% used [0x00000000a0000000,0x00000000a1a91270,0x00000000a2900000)
 Metaspace       used 46484K, capacity 47422K, committed 47792K, reserved 1089536K
  class space    used 6436K, capacity 6726K, committed 6832K, reserved 1048576K
}
Event: 45.518 GC heap before
{Heap before GC invocations=18 (full 2):
 PSYoungGen      total 127488K, used 127457K [0x00000000e0000000, 0x00000000eb480000, 0x0000000100000000)
  eden space 120320K, 100% used [0x00000000e0000000,0x00000000e7580000,0x00000000e7580000)
  from space 7168K, 99% used [0x00000000e7580000,0x00000000e7c78670,0x00000000e7c80000)
  to   space 10752K, 0% used [0x00000000eaa00000,0x00000000eaa00000,0x00000000eb480000)
 ParOldGen       total 41984K, used 27204K [0x00000000a0000000, 0x00000000a2900000, 0x00000000e0000000)
  object space 41984K, 64% used [0x00000000a0000000,0x00000000a1a91270,0x00000000a2900000)
 Metaspace       used 53857K, capacity 55496K, committed 55728K, reserved 1097728K
  class space    used 7550K, capacity 7992K, committed 8112K, reserved 1048576K
Event: 45.558 GC heap after
Heap after GC invocations=18 (full 2):
 PSYoungGen      total 169984K, used 10730K [0x00000000e0000000, 0x00000000ec200000, 0x0000000100000000)
  eden space 159232K, 0% used [0x00000000e0000000,0x00000000e0000000,0x00000000e9b80000)
  from space 10752K, 99% used [0x00000000eaa00000,0x00000000eb47a8e8,0x00000000eb480000)
  to   space 14848K, 0% used [0x00000000e9b80000,0x00000000e9b80000,0x00000000eaa00000)
 ParOldGen       total 41984K, used 34434K [0x00000000a0000000, 0x00000000a2900000, 0x00000000e0000000)
  object space 41984K, 82% used [0x00000000a0000000,0x00000000a21a0b38,0x00000000a2900000)
 Metaspace       used 53857K, capacity 55496K, committed 55728K, reserved 1097728K
  class space    used 7550K, capacity 7992K, committed 8112K, reserved 1048576K
}
Event: 52.404 GC heap before
{Heap before GC invocations=19 (full 2):
 PSYoungGen      total 169984K, used 88443K [0x00000000e0000000, 0x00000000ec200000, 0x0000000100000000)
  eden space 159232K, 48% used [0x00000000e0000000,0x00000000e4be4450,0x00000000e9b80000)
  from space 10752K, 99% used [0x00000000eaa00000,0x00000000eb47a8e8,0x00000000eb480000)
  to   space 14848K, 0% used [0x00000000e9b80000,0x00000000e9b80000,0x00000000eaa00000)
 ParOldGen       total 41984K, used 34434K [0x00000000a0000000, 0x00000000a2900000, 0x00000000e0000000)
  object space 41984K, 82% used [0x00000000a0000000,0x00000000a21a0b38,0x00000000a2900000)
 Metaspace       used 57344K, capacity 59020K, committed 59160K, reserved 1099776K
  class space    used 7943K, capacity 8350K, committed 8368K, reserved 1048576K
Event: 52.472 GC heap after
Heap after GC invocations=19 (full 2):
 PSYoungGen      total 174080K, used 8103K [0x00000000e0000000, 0x00000000ee180000, 0x0000000100000000)
  eden space 159232K, 0% used [0x00000000e0000000,0x00000000e0000000,0x00000000e9b80000)
  from space 14848K, 54% used [0x00000000e9b80000,0x00000000ea369d88,0x00000000eaa00000)
  to   space 14848K, 0% used [0x00000000ed300000,0x00000000ed300000,0x00000000ee180000)
 ParOldGen       total 43520K, used 43420K [0x00000000a0000000, 0x00000000a2a80000, 0x00000000e0000000)
  object space 43520K, 99% used [0x00000000a0000000,0x00000000a2a67110,0x00000000a2a80000)
 Metaspace       used 57344K, capacity 59020K, committed 59160K, reserved 1099776K
  class space    used 7943K, capacity 8350K, committed 8368K, reserved 1048576K
}
Event: 52.472 GC heap before
{Heap before GC invocations=20 (full 3):
 PSYoungGen      total 174080K, used 8103K [0x00000000e0000000, 0x00000000ee180000, 0x0000000100000000)
  eden space 159232K, 0% used [0x00000000e0000000,0x00000000e0000000,0x00000000e9b80000)
  from space 14848K, 54% used [0x00000000e9b80000,0x00000000ea369d88,0x00000000eaa00000)
  to   space 14848K, 0% used [0x00000000ed300000,0x00000000ed300000,0x00000000ee180000)
 ParOldGen       total 43520K, used 43420K [0x00000000a0000000, 0x00000000a2a80000, 0x00000000e0000000)
  object space 43520K, 99% used [0x00000000a0000000,0x00000000a2a67110,0x00000000a2a80000)
 Metaspace       used 57344K, capacity 59020K, committed 59160K, reserved 1099776K
  class space    used 7943K, capacity 8350K, committed 8368K, reserved 1048576K
Event: 53.068 GC heap after
Heap after GC invocations=20 (full 3):
 PSYoungGen      total 174080K, used 0K [0x00000000e0000000, 0x00000000ee180000, 0x0000000100000000)
  eden space 159232K, 0% used [0x00000000e0000000,0x00000000e0000000,0x00000000e9b80000)
  from space 14848K, 0% used [0x00000000e9b80000,0x00000000e9b80000,0x00000000eaa00000)
  to   space 14848K, 0% used [0x00000000ed300000,0x00000000ed300000,0x00000000ee180000)
 ParOldGen       total 78848K, used 39802K [0x00000000a0000000, 0x00000000a4d00000, 0x00000000e0000000)
  object space 78848K, 50% used [0x00000000a0000000,0x00000000a26de8f8,0x00000000a4d00000)
 Metaspace       used 57344K, capacity 59020K, committed 59160K, reserved 1099776K
  class space    used 7943K, capacity 8350K, committed 8368K, reserved 1048576K
}

