# JRE version: Java(TM) SE Runtime Environment (8.0_141-b15) (build 1.8.0_141-b15)
# Java VM: Java HotSpot(TM) 64-Bit Server VM (25.141-b15 mixed mode windows-amd64 compressed oops)
Heap:
 PSYoungGen      total 176128K, used 16873K [0x00000000e0000000, 0x00000000ec780000, 0x0000000100000000)
  eden space 159744K, 10% used [0x00000000e0000000,0x00000000e107a438,0x00000000e9c00000)
  from space 16384K, 0% used [0x00000000e9c00000,0x00000000e9c00000,0x00000000eac00000)
  to   space 11264K, 0% used [0x00000000eac00000,0x00000000eac00000,0x00000000eb700000)
 ParOldGen       total 49152K, used 38026K [0x00000000a0000000, 0x00000000a3000000, 0x00000000e0000000)
  object space 49152K, 77% used [0x00000000a0000000,0x00000000a25229e0,0x00000000a3000000)
 Metaspace       used 57634K, capacity 59375K, committed 59544K, reserved 1099776K
  class space    used 7987K, capacity 8424K, committed 8496K, reserved 1048576K
GC Heap History (10 events):
Event: 35.061 GC heap before
{Heap before GC invocations=14 (full 2):
 PSYoungGen      total 100864K, used 91648K [0x00000000e0000000, 0x00000000e9380000, 0x0000000100000000)
  eden space 91648K, 100% used [0x00000000e0000000,0x00000000e5980000,0x00000000e5980000)
  from space 9216K, 0% used [0x00000000e5980000,0x00000000e5980000,0x00000000e6280000)
  to   space 9216K, 0% used [0x00000000e8a80000,0x00000000e8a80000,0x00000000e9380000)
 ParOldGen       total 49152K, used 16439K [0x00000000a0000000, 0x00000000a3000000, 0x00000000e0000000)
  object space 49152K, 33% used [0x00000000a0000000,0x00000000a100dec0,0x00000000a3000000)
 Metaspace       used 40174K, capacity 40993K, committed 41256K, reserved 1085440K
  class space    used 5579K, capacity 5839K, committed 5936K, reserved 1048576K
Event: 35.107 GC heap after
Heap after GC invocations=14 (full 2):
 PSYoungGen      total 133120K, used 9215K [0x00000000e0000000, 0x00000000e9380000, 0x0000000100000000)
  eden space 123904K, 0% used [0x00000000e0000000,0x00000000e0000000,0x00000000e7900000)
  from space 9216K, 99% used [0x00000000e8a80000,0x00000000e937fda0,0x00000000e9380000)
  to   space 10240K, 0% used [0x00000000e7f80000,0x00000000e7f80000,0x00000000e8980000)
 ParOldGen       total 49152K, used 17144K [0x00000000a0000000, 0x00000000a3000000, 0x00000000e0000000)
  object space 49152K, 34% used [0x00000000a0000000,0x00000000a10be258,0x00000000a3000000)
 Metaspace       used 40174K, capacity 40993K, committed 41256K, reserved 1085440K
  class space    used 5579K, capacity 5839K, committed 5936K, reserved 1048576K
}
Event: 38.591 GC heap before
{Heap before GC invocations=15 (full 2):
 PSYoungGen      total 133120K, used 133119K [0x00000000e0000000, 0x00000000e9380000, 0x0000000100000000)
  eden space 123904K, 100% used [0x00000000e0000000,0x00000000e7900000,0x00000000e7900000)
  from space 9216K, 99% used [0x00000000e8a80000,0x00000000e937fda0,0x00000000e9380000)
  to   space 10240K, 0% used [0x00000000e7f80000,0x00000000e7f80000,0x00000000e8980000)
 ParOldGen       total 49152K, used 17144K [0x00000000a0000000, 0x00000000a3000000, 0x00000000e0000000)
  object space 49152K, 34% used [0x00000000a0000000,0x00000000a10be258,0x00000000a3000000)
 Metaspace       used 46974K, capacity 48031K, committed 48296K, reserved 1091584K
  class space    used 6484K, capacity 6775K, committed 6832K, reserved 1048576K
Event: 38.621 GC heap after
Heap after GC invocations=15 (full 2):
 PSYoungGen      total 140800K, used 9351K [0x00000000e0000000, 0x00000000eb700000, 0x0000000100000000)
  eden space 130560K, 0% used [0x00000000e0000000,0x00000000e0000000,0x00000000e7f80000)
  from space 10240K, 91% used [0x00000000e7f80000,0x00000000e88a1eb0,0x00000000e8980000)
  to   space 11264K, 0% used [0x00000000eac00000,0x00000000eac00000,0x00000000eb700000)
 ParOldGen       total 49152K, used 23384K [0x00000000a0000000, 0x00000000a3000000, 0x00000000e0000000)
  object space 49152K, 47% used [0x00000000a0000000,0x00000000a16d6170,0x00000000a3000000)
 Metaspace       used 46974K, capacity 48031K, committed 48296K, reserved 1091584K
  class space    used 6484K, capacity 6775K, committed 6832K, reserved 1048576K
}
Event: 46.916 GC heap before
{Heap before GC invocations=16 (full 2):
 PSYoungGen      total 140800K, used 139911K [0x00000000e0000000, 0x00000000eb700000, 0x0000000100000000)
  eden space 130560K, 100% used [0x00000000e0000000,0x00000000e7f80000,0x00000000e7f80000)
  from space 10240K, 91% used [0x00000000e7f80000,0x00000000e88a1eb0,0x00000000e8980000)
  to   space 11264K, 0% used [0x00000000eac00000,0x00000000eac00000,0x00000000eb700000)
 ParOldGen       total 49152K, used 23384K [0x00000000a0000000, 0x00000000a3000000, 0x00000000e0000000)
  object space 49152K, 47% used [0x00000000a0000000,0x00000000a16d6170,0x00000000a3000000)
 Metaspace       used 55839K, capacity 57527K, committed 57640K, reserved 1099776K
  class space    used 7798K, capacity 8220K, committed 8240K, reserved 1048576K
Event: 47.011 GC heap after
Heap after GC invocations=16 (full 2):
 PSYoungGen      total 171008K, used 11261K [0x00000000e0000000, 0x00000000ec780000, 0x0000000100000000)
  eden space 159744K, 0% used [0x00000000e0000000,0x00000000e0000000,0x00000000e9c00000)
  from space 11264K, 99% used [0x00000000eac00000,0x00000000eb6ff480,0x00000000eb700000)
  to   space 16384K, 0% used [0x00000000e9c00000,0x00000000e9c00000,0x00000000eac00000)
 ParOldGen       total 49152K, used 32345K [0x00000000a0000000, 0x00000000a3000000, 0x00000000e0000000)
  object space 49152K, 65% used [0x00000000a0000000,0x00000000a1f96780,0x00000000a3000000)
 Metaspace       used 55839K, capacity 57527K, committed 57640K, reserved 1099776K
  class space    used 7798K, capacity 8220K, committed 8240K, reserved 1048576K
}
Event: 51.628 GC heap before
{Heap before GC invocations=17 (full 2):
 PSYoungGen      total 171008K, used 64135K [0x00000000e0000000, 0x00000000ec780000, 0x0000000100000000)
  eden space 159744K, 33% used [0x00000000e0000000,0x00000000e33a2810,0x00000000e9c00000)
  from space 11264K, 99% used [0x00000000eac00000,0x00000000eb6ff480,0x00000000eb700000)
  to   space 16384K, 0% used [0x00000000e9c00000,0x00000000e9c00000,0x00000000eac00000)
 ParOldGen       total 49152K, used 32345K [0x00000000a0000000, 0x00000000a3000000, 0x00000000e0000000)
  object space 49152K, 65% used [0x00000000a0000000,0x00000000a1f96780,0x00000000a3000000)
 Metaspace       used 57307K, capacity 59017K, committed 59160K, reserved 1099776K
  class space    used 7928K, capacity 8351K, committed 8368K, reserved 1048576K
Event: 51.686 GC heap after
Heap after GC invocations=17 (full 2):
 PSYoungGen      total 176128K, used 4422K [0x00000000e0000000, 0x00000000ec780000, 0x0000000100000000)
  eden space 159744K, 0% used [0x00000000e0000000,0x00000000e0000000,0x00000000e9c00000)
  from space 16384K, 26% used [0x00000000e9c00000,0x00000000ea051ab8,0x00000000eac00000)
  to   space 11264K, 0% used [0x00000000eac00000,0x00000000eac00000,0x00000000eb700000)
 ParOldGen       total 49152K, used 42836K [0x00000000a0000000, 0x00000000a3000000, 0x00000000e0000000)
  object space 49152K, 87% used [0x00000000a0000000,0x00000000a29d5148,0x00000000a3000000)
 Metaspace       used 57307K, capacity 59017K, committed 59160K, reserved 1099776K
  class space    used 7928K, capacity 8351K, committed 8368K, reserved 1048576K
}
Event: 51.686 GC heap before
{Heap before GC invocations=18 (full 3):
 PSYoungGen      total 176128K, used 4422K [0x00000000e0000000, 0x00000000ec780000, 0x0000000100000000)
  eden space 159744K, 0% used [0x00000000e0000000,0x00000000e0000000,0x00000000e9c00000)
  from space 16384K, 26% used [0x00000000e9c00000,0x00000000ea051ab8,0x00000000eac00000)
  to   space 11264K, 0% used [0x00000000eac00000,0x00000000eac00000,0x00000000eb700000)
 ParOldGen       total 49152K, used 42836K [0x00000000a0000000, 0x00000000a3000000, 0x00000000e0000000)
  object space 49152K, 87% used [0x00000000a0000000,0x00000000a29d5148,0x00000000a3000000)
 Metaspace       used 57307K, capacity 59017K, committed 59160K, reserved 1099776K
  class space    used 7928K, capacity 8351K, committed 8368K, reserved 1048576K
Event: 52.324 GC heap after
Heap after GC invocations=18 (full 3):
 PSYoungGen      total 176128K, used 0K [0x00000000e0000000, 0x00000000ec780000, 0x0000000100000000)
  eden space 159744K, 0% used [0x00000000e0000000,0x00000000e0000000,0x00000000e9c00000)
  from space 16384K, 0% used [0x00000000e9c00000,0x00000000e9c00000,0x00000000eac00000)
  to   space 11264K, 0% used [0x00000000eac00000,0x00000000eac00000,0x00000000eb700000)
 ParOldGen       total 49152K, used 38026K [0x00000000a0000000, 0x00000000a3000000, 0x00000000e0000000)
  object space 49152K, 77% used [0x00000000a0000000,0x00000000a25229e0,0x00000000a3000000)
 Metaspace       used 57307K, capacity 59017K, committed 59160K, reserved 1099776K
  class space    used 7928K, capacity 8351K, committed 8368K, reserved 1048576K
}

